------------------------------
GET /
HEADERS=> {
  "host": "localhost:5000",
  "connection": "keep-alive",
  "cache-control": "max-age=0",
  "user-agent": "Mozilla/5.0 (Macintosh; Intel Mac OS X 10_13_2) AppleWebKit/537.36 (KHTML, like Gecko) Chrome/63.0.3239.84 Safari/537.36",
  "upgrade-insecure-requests": "1",
  "accept": "text/html,application/xhtml+xml,application/xml;q=0.9,image/webp,image/apng,*/*;q=0.8",
  "accept-encoding": "gzip, deflate, br",
  "accept-language": "en-US,en;q=0.9",
  "cookie": "loginFailed=false,Expires=Thu, 01 Jan 1970 00:00:00 GMT; logInFailed=true; sessionid=0,Expires=Thu, 01 Jan 1970 00:00:00 GMT"
}
BODY=> undefined
------------------------------
GET /css/style.css
HEADERS=> {
  "host": "localhost:5000",
  "connection": "keep-alive",
  "user-agent": "Mozilla/5.0 (Macintosh; Intel Mac OS X 10_13_2) AppleWebKit/537.36 (KHTML, like Gecko) Chrome/63.0.3239.84 Safari/537.36",
  "accept": "text/css,*/*;q=0.1",
  "referer": "http://localhost:5000/",
  "accept-encoding": "gzip, deflate, br",
  "accept-language": "en-US,en;q=0.9",
  "cookie": "loginFailed=false,Expires=Thu, 01 Jan 1970 00:00:00 GMT; logInFailed=true; sessionid=0,Expires=Thu, 01 Jan 1970 00:00:00 GMT"
}
BODY=> undefined
------------------------------
GET /js/index.js
HEADERS=> {
  "host": "localhost:5000",
  "connection": "keep-alive",
  "user-agent": "Mozilla/5.0 (Macintosh; Intel Mac OS X 10_13_2) AppleWebKit/537.36 (KHTML, like Gecko) Chrome/63.0.3239.84 Safari/537.36",
  "accept": "*/*",
  "referer": "http://localhost:5000/",
  "accept-encoding": "gzip, deflate, br",
  "accept-language": "en-US,en;q=0.9",
  "cookie": "loginFailed=false,Expires=Thu, 01 Jan 1970 00:00:00 GMT; logInFailed=true; sessionid=0,Expires=Thu, 01 Jan 1970 00:00:00 GMT"
}
BODY=> undefined
------------------------------
GET /image/freshorigins.jpg
HEADERS=> {
  "host": "localhost:5000",
  "connection": "keep-alive",
  "user-agent": "Mozilla/5.0 (Macintosh; Intel Mac OS X 10_13_2) AppleWebKit/537.36 (KHTML, like Gecko) Chrome/63.0.3239.84 Safari/537.36",
  "accept": "image/webp,image/apng,image/*,*/*;q=0.8",
  "referer": "http://localhost:5000/",
  "accept-encoding": "gzip, deflate, br",
  "accept-language": "en-US,en;q=0.9",
  "cookie": "loginFailed=false,Expires=Thu, 01 Jan 1970 00:00:00 GMT; logInFailed=true; sessionid=0,Expires=Thu, 01 Jan 1970 00:00:00 GMT"
}
BODY=> undefined
------------------------------
GET /image/animated.gif
HEADERS=> {
  "host": "localhost:5000",
  "connection": "keep-alive",
  "user-agent": "Mozilla/5.0 (Macintosh; Intel Mac OS X 10_13_2) AppleWebKit/537.36 (KHTML, like Gecko) Chrome/63.0.3239.84 Safari/537.36",
  "accept": "image/webp,image/apng,image/*,*/*;q=0.8",
  "referer": "http://localhost:5000/",
  "accept-encoding": "gzip, deflate, br",
  "accept-language": "en-US,en;q=0.9",
  "cookie": "loginFailed=false,Expires=Thu, 01 Jan 1970 00:00:00 GMT; logInFailed=true; sessionid=0,Expires=Thu, 01 Jan 1970 00:00:00 GMT"
}
BODY=> undefined
------------------------------
GET /image/freshorigins.jpg
HEADERS=> {
  "host": "localhost:5000",
  "connection": "keep-alive",
  "pragma": "no-cache",
  "cache-control": "no-cache",
  "user-agent": "Mozilla/5.0 (Macintosh; Intel Mac OS X 10_13_2) AppleWebKit/537.36 (KHTML, like Gecko) Chrome/63.0.3239.84 Safari/537.36",
  "accept": "image/webp,image/apng,image/*,*/*;q=0.8",
  "referer": "http://localhost:5000/",
  "accept-encoding": "gzip, deflate, br",
  "accept-language": "en-US,en;q=0.9",
  "cookie": "loginFailed=false,Expires=Thu, 01 Jan 1970 00:00:00 GMT; logInFailed=true; sessionid=0,Expires=Thu, 01 Jan 1970 00:00:00 GMT"
}
BODY=> undefined
